<?xml version="1.0" encoding="UTF-8"?>
<testsuite name="cz.cvut.iarylser.controller.TicketControllerTest" tests="4" skipped="0" failures="0" errors="0" timestamp="2024-07-12T12:12:16" hostname="MACHINE" time="0.074">
  <properties/>
  <testcase name="getTicketByUserFailure()" classname="cz.cvut.iarylser.controller.TicketControllerTest" time="0.027"/>
  <testcase name="getTicketByIdFailure()" classname="cz.cvut.iarylser.controller.TicketControllerTest" time="0.013"/>
  <testcase name="getTicketByIdSucceeded()" classname="cz.cvut.iarylser.controller.TicketControllerTest" time="0.012"/>
  <testcase name="getTicketByUserSucceeded()" classname="cz.cvut.iarylser.controller.TicketControllerTest" time="0.014"/>
  <system-out><![CDATA[2024-07-12T14:12:16.013+02:00  INFO 31116 --- [    Test worker] t.c.s.AnnotationConfigContextLoaderUtils : Could not detect default configuration classes for test class [cz.cvut.iarylser.controller.TicketControllerTest]: TicketControllerTest does not declare any static, non-private, non-final, nested classes annotated with @Configuration.
2024-07-12T14:12:16.023+02:00  INFO 31116 --- [    Test worker] .b.t.c.SpringBootTestContextBootstrapper : Found @SpringBootConfiguration cz.cvut.iarylser.Application for test class cz.cvut.iarylser.controller.TicketControllerTest

  .   ____          _            __ _ _
 /\\ / ___'_ __ _ _(_)_ __  __ _ \ \ \ \
( ( )\___ | '_ | '_| | '_ \/ _` | \ \ \ \
 \\/  ___)| |_)| | | | | || (_| |  ) ) ) )
  '  |____| .__|_| |_|_| |_\__, | / / / /
 =========|_|==============|___/=/_/_/_/
 :: Spring Boot ::                (v3.1.5)

2024-07-12T14:12:16.055+02:00  INFO 31116 --- [    Test worker] c.c.i.controller.TicketControllerTest    : Starting TicketControllerTest using Java 17.0.9 with PID 31116 (started by 1 in D:\Project\eventExplorerBackend)
2024-07-12T14:12:16.056+02:00  INFO 31116 --- [    Test worker] c.c.i.controller.TicketControllerTest    : No active profile set, falling back to 1 default profile: "default"
2024-07-12T14:12:16.365+02:00  INFO 31116 --- [    Test worker] o.s.b.t.m.w.SpringBootMockServletContext : Initializing Spring TestDispatcherServlet ''
2024-07-12T14:12:16.365+02:00  INFO 31116 --- [    Test worker] o.s.t.web.servlet.TestDispatcherServlet  : Initializing Servlet ''
2024-07-12T14:12:16.366+02:00  INFO 31116 --- [    Test worker] o.s.t.web.servlet.TestDispatcherServlet  : Completed initialization in 1 ms
2024-07-12T14:12:16.375+02:00  INFO 31116 --- [    Test worker] c.c.i.controller.TicketControllerTest    : Started TicketControllerTest in 0.345 seconds (process running for 5.015)
]]></system-out>
  <system-err><![CDATA[]]></system-err>
</testsuite>
