<?xml version="1.0" encoding="UTF-8"?>
<testsuite name="cz.cvut.iarylser.controller.EventControllerTest" tests="16" skipped="0" failures="0" errors="0" timestamp="2024-01-20T20:50:23" hostname="MACHINE" time="0.422">
  <properties/>
  <testcase name="likeEventFailure()" classname="cz.cvut.iarylser.controller.EventControllerTest" time="0.121"/>
  <testcase name="deleteEventFailure()" classname="cz.cvut.iarylser.controller.EventControllerTest" time="0.006"/>
  <testcase name="getRecommendedEventsSucceeded()" classname="cz.cvut.iarylser.controller.EventControllerTest" time="0.003"/>
  <testcase name="updateEventFailure()" classname="cz.cvut.iarylser.controller.EventControllerTest" time="0.13"/>
  <testcase name="likeEventSucceeded()" classname="cz.cvut.iarylser.controller.EventControllerTest" time="0.007"/>
  <testcase name="getEventByIdFailure()" classname="cz.cvut.iarylser.controller.EventControllerTest" time="0.007"/>
  <testcase name="unlikeEventFailure()" classname="cz.cvut.iarylser.controller.EventControllerTest" time="0.006"/>
  <testcase name="updateEventSucceeded()" classname="cz.cvut.iarylser.controller.EventControllerTest" time="0.049"/>
  <testcase name="purchaseTicketSucceeded()" classname="cz.cvut.iarylser.controller.EventControllerTest" time="0.014"/>
  <testcase name="createEventSucceeded()" classname="cz.cvut.iarylser.controller.EventControllerTest" time="0.008"/>
  <testcase name="unlikeEventSucceeded()" classname="cz.cvut.iarylser.controller.EventControllerTest" time="0.005"/>
  <testcase name="deleteEventSucceeded()" classname="cz.cvut.iarylser.controller.EventControllerTest" time="0.005"/>
  <testcase name="getAllEventsSucceeded()" classname="cz.cvut.iarylser.controller.EventControllerTest" time="0.008"/>
  <testcase name="createEventFailure()" classname="cz.cvut.iarylser.controller.EventControllerTest" time="0.009"/>
  <testcase name="getEventByIdSucceeded()" classname="cz.cvut.iarylser.controller.EventControllerTest" time="0.005"/>
  <testcase name="purchaseTicketFailure()" classname="cz.cvut.iarylser.controller.EventControllerTest" time="0.009"/>
  <system-out><![CDATA[21:50:21.741 [Test worker] INFO org.springframework.test.context.support.AnnotationConfigContextLoaderUtils -- Could not detect default configuration classes for test class [cz.cvut.iarylser.controller.EventControllerTest]: EventControllerTest does not declare any static, non-private, non-final, nested classes annotated with @Configuration.
21:50:21.937 [Test worker] INFO org.springframework.boot.test.context.SpringBootTestContextBootstrapper -- Found @SpringBootConfiguration cz.cvut.iarylser.Application for test class cz.cvut.iarylser.controller.EventControllerTest

  .   ____          _            __ _ _
 /\\ / ___'_ __ _ _(_)_ __  __ _ \ \ \ \
( ( )\___ | '_ | '_| | '_ \/ _` | \ \ \ \
 \\/  ___)| |_)| | | | | || (_| |  ) ) ) )
  '  |____| .__|_| |_|_| |_\__, | / / / /
 =========|_|==============|___/=/_/_/_/
 :: Spring Boot ::                (v3.1.5)

2024-01-20T21:50:22.376+01:00  INFO 27056 --- [    Test worker] c.c.i.controller.EventControllerTest     : Starting EventControllerTest using Java 17.0.9 with PID 27056 (started by 1 in D:\Project\eventexplorer)
2024-01-20T21:50:22.377+01:00  INFO 27056 --- [    Test worker] c.c.i.controller.EventControllerTest     : No active profile set, falling back to 1 default profile: "default"
2024-01-20T21:50:23.902+01:00  INFO 27056 --- [    Test worker] o.s.b.t.m.w.SpringBootMockServletContext : Initializing Spring TestDispatcherServlet ''
2024-01-20T21:50:23.902+01:00  INFO 27056 --- [    Test worker] o.s.t.web.servlet.TestDispatcherServlet  : Initializing Servlet ''
2024-01-20T21:50:23.907+01:00  INFO 27056 --- [    Test worker] o.s.t.web.servlet.TestDispatcherServlet  : Completed initialization in 1 ms
2024-01-20T21:50:23.948+01:00  INFO 27056 --- [    Test worker] c.c.i.controller.EventControllerTest     : Started EventControllerTest in 1.912 seconds (process running for 3.389)
]]></system-out>
  <system-err><![CDATA[]]></system-err>
</testsuite>
