<?xml version="1.0" encoding="UTF-8"?>
<testsuite name="cz.cvut.iarylser.controller.TicketControllerTest" tests="4" skipped="0" failures="0" errors="0" timestamp="2024-01-20T20:50:24" hostname="MACHINE" time="0.041">
  <properties/>
  <testcase name="getTicketByUserFailure()" classname="cz.cvut.iarylser.controller.TicketControllerTest" time="0.017"/>
  <testcase name="getTicketByIdFailure()" classname="cz.cvut.iarylser.controller.TicketControllerTest" time="0.006"/>
  <testcase name="getTicketByIdSucceeded()" classname="cz.cvut.iarylser.controller.TicketControllerTest" time="0.006"/>
  <testcase name="getTicketByUserSucceeded()" classname="cz.cvut.iarylser.controller.TicketControllerTest" time="0.006"/>
  <system-out><![CDATA[2024-01-20T21:50:24.391+01:00  INFO 27056 --- [    Test worker] t.c.s.AnnotationConfigContextLoaderUtils : Could not detect default configuration classes for test class [cz.cvut.iarylser.controller.TicketControllerTest]: TicketControllerTest does not declare any static, non-private, non-final, nested classes annotated with @Configuration.
2024-01-20T21:50:24.397+01:00  INFO 27056 --- [    Test worker] .b.t.c.SpringBootTestContextBootstrapper : Found @SpringBootConfiguration cz.cvut.iarylser.Application for test class cz.cvut.iarylser.controller.TicketControllerTest

  .   ____          _            __ _ _
 /\\ / ___'_ __ _ _(_)_ __  __ _ \ \ \ \
( ( )\___ | '_ | '_| | '_ \/ _` | \ \ \ \
 \\/  ___)| |_)| | | | | || (_| |  ) ) ) )
  '  |____| .__|_| |_|_| |_\__, | / / / /
 =========|_|==============|___/=/_/_/_/
 :: Spring Boot ::                (v3.1.5)

2024-01-20T21:50:24.421+01:00  INFO 27056 --- [    Test worker] c.c.i.controller.TicketControllerTest    : Starting TicketControllerTest using Java 17.0.9 with PID 27056 (started by 1 in D:\Project\eventexplorer)
2024-01-20T21:50:24.421+01:00  INFO 27056 --- [    Test worker] c.c.i.controller.TicketControllerTest    : No active profile set, falling back to 1 default profile: "default"
2024-01-20T21:50:24.637+01:00  INFO 27056 --- [    Test worker] o.s.b.t.m.w.SpringBootMockServletContext : Initializing Spring TestDispatcherServlet ''
2024-01-20T21:50:24.637+01:00  INFO 27056 --- [    Test worker] o.s.t.web.servlet.TestDispatcherServlet  : Initializing Servlet ''
2024-01-20T21:50:24.637+01:00  INFO 27056 --- [    Test worker] o.s.t.web.servlet.TestDispatcherServlet  : Completed initialization in 0 ms
2024-01-20T21:50:24.642+01:00  INFO 27056 --- [    Test worker] c.c.i.controller.TicketControllerTest    : Started TicketControllerTest in 0.242 seconds (process running for 4.082)
]]></system-out>
  <system-err><![CDATA[]]></system-err>
</testsuite>
