<?xml version="1.0" encoding="UTF-8"?>
<testsuite name="cz.cvut.iarylser.service.EventServiceImplTest" tests="19" skipped="0" failures="0" errors="0" timestamp="2024-07-12T12:12:23" hostname="MACHINE" time="0.248">
  <properties/>
  <testcase name="getByLikedGreaterThanSuccessful()" classname="cz.cvut.iarylser.service.EventServiceImplTest" time="0.013"/>
  <testcase name="likeEventFailure()" classname="cz.cvut.iarylser.service.EventServiceImplTest" time="0.011"/>
  <testcase name="updateEventFailureNotFound()" classname="cz.cvut.iarylser.service.EventServiceImplTest" time="0.006"/>
  <testcase name="getAllEvents()" classname="cz.cvut.iarylser.service.EventServiceImplTest" time="0.02"/>
  <testcase name="updateForOrgChange()" classname="cz.cvut.iarylser.service.EventServiceImplTest" time="0.005"/>
  <testcase name="likeEventSucceeded()" classname="cz.cvut.iarylser.service.EventServiceImplTest" time="0.018"/>
  <testcase name="getEventById()" classname="cz.cvut.iarylser.service.EventServiceImplTest" time="0.004"/>
  <testcase name="unlikeEventFailure()" classname="cz.cvut.iarylser.service.EventServiceImplTest" time="0.005"/>
  <testcase name="updateEventSucceeded()" classname="cz.cvut.iarylser.service.EventServiceImplTest" time="0.007"/>
  <testcase name="purchaseTicketSucceeded()" classname="cz.cvut.iarylser.service.EventServiceImplTest" time="0.008"/>
  <testcase name="getByLikedGreaterThanFailure()" classname="cz.cvut.iarylser.service.EventServiceImplTest" time="0.004"/>
  <testcase name="createEventSucceeded()" classname="cz.cvut.iarylser.service.EventServiceImplTest" time="0.006"/>
  <testcase name="unlikeEventSucceeded()" classname="cz.cvut.iarylser.service.EventServiceImplTest" time="0.01"/>
  <testcase name="deleteEventSucceeded()" classname="cz.cvut.iarylser.service.EventServiceImplTest" time="0.028"/>
  <testcase name="deleteEventFailureOrganizerNotFound()" classname="cz.cvut.iarylser.service.EventServiceImplTest" time="0.016"/>
  <testcase name="updateEventFailureCapacity()" classname="cz.cvut.iarylser.service.EventServiceImplTest" time="0.026"/>
  <testcase name="deleteEventFailureEventNotFound()" classname="cz.cvut.iarylser.service.EventServiceImplTest" time="0.011"/>
  <testcase name="createEventFailure()" classname="cz.cvut.iarylser.service.EventServiceImplTest" time="0.005"/>
  <testcase name="purchaseTicketFailure()" classname="cz.cvut.iarylser.service.EventServiceImplTest" time="0.007"/>
  <system-out><![CDATA[2024-07-12T14:12:21.836+02:00  INFO 31116 --- [    Test worker] t.c.s.AnnotationConfigContextLoaderUtils : Could not detect default configuration classes for test class [cz.cvut.iarylser.service.EventServiceImplTest]: EventServiceImplTest does not declare any static, non-private, non-final, nested classes annotated with @Configuration.
2024-07-12T14:12:21.853+02:00  INFO 31116 --- [    Test worker] .b.t.c.SpringBootTestContextBootstrapper : Found @SpringBootConfiguration cz.cvut.iarylser.Application for test class cz.cvut.iarylser.service.EventServiceImplTest

  .   ____          _            __ _ _
 /\\ / ___'_ __ _ _(_)_ __  __ _ \ \ \ \
( ( )\___ | '_ | '_| | '_ \/ _` | \ \ \ \
 \\/  ___)| |_)| | | | | || (_| |  ) ) ) )
  '  |____| .__|_| |_|_| |_\__, | / / / /
 =========|_|==============|___/=/_/_/_/
 :: Spring Boot ::                (v3.1.5)

2024-07-12T14:12:21.887+02:00  INFO 31116 --- [    Test worker] c.c.i.service.EventServiceImplTest       : Starting EventServiceImplTest using Java 17.0.9 with PID 31116 (started by 1 in D:\Project\eventExplorerBackend)
2024-07-12T14:12:21.887+02:00  INFO 31116 --- [    Test worker] c.c.i.service.EventServiceImplTest       : No active profile set, falling back to 1 default profile: "default"
2024-07-12T14:12:22.302+02:00  INFO 31116 --- [    Test worker] .s.d.r.c.RepositoryConfigurationDelegate : Bootstrapping Spring Data JPA repositories in DEFAULT mode.
2024-07-12T14:12:22.311+02:00  INFO 31116 --- [    Test worker] .s.d.r.c.RepositoryConfigurationDelegate : Finished Spring Data repository scanning in 12 ms. Found 3 JPA repository interfaces.
2024-07-12T14:12:22.529+02:00  INFO 31116 --- [    Test worker] o.hibernate.jpa.internal.util.LogHelper  : HHH000204: Processing PersistenceUnitInfo [name: default]
2024-07-12T14:12:22.538+02:00  INFO 31116 --- [    Test worker] o.s.o.j.p.SpringPersistenceUnitInfo      : No LoadTimeWeaver setup: ignoring JPA class transformer
2024-07-12T14:12:22.538+02:00  INFO 31116 --- [    Test worker] com.zaxxer.hikari.HikariDataSource       : HikariPool-1 - Starting...
2024-07-12T14:12:22.562+02:00  INFO 31116 --- [    Test worker] com.zaxxer.hikari.pool.HikariPool        : HikariPool-1 - Added connection conn13: url=jdbc:h2:mem:test user=IARYLSER
2024-07-12T14:12:22.566+02:00  INFO 31116 --- [    Test worker] com.zaxxer.hikari.HikariDataSource       : HikariPool-1 - Start completed.
2024-07-12T14:12:22.570+02:00  WARN 31116 --- [    Test worker] org.hibernate.orm.deprecation            : HHH90000025: H2Dialect does not need to be specified explicitly using 'hibernate.dialect' (remove the property setting and it will be selected by default)
2024-07-12T14:12:22.686+02:00  INFO 31116 --- [    Test worker] o.h.e.t.j.p.i.JtaPlatformInitiator       : HHH000489: No JTA platform available (set 'hibernate.transaction.jta.platform' to enable JTA platform integration)
2024-07-12T14:12:22.696+02:00  INFO 31116 --- [    Test worker] j.LocalContainerEntityManagerFactoryBean : Initialized JPA EntityManagerFactory for persistence unit 'default'
2024-07-12T14:12:23.020+02:00  WARN 31116 --- [    Test worker] JpaBaseConfiguration$JpaWebConfiguration : spring.jpa.open-in-view is enabled by default. Therefore, database queries may be performed during view rendering. Explicitly configure spring.jpa.open-in-view to disable this warning
2024-07-12T14:12:23.439+02:00  INFO 31116 --- [    Test worker] c.c.i.service.EventServiceImplTest       : Started EventServiceImplTest in 1.574 seconds (process running for 12.079)
2024-07-12T14:12:23.468+02:00  WARN 31116 --- [    Test worker] c.c.iarylser.service.EventServiceImpl    : User or Event not found for like operation
2024-07-12T14:12:23.479+02:00  WARN 31116 --- [    Test worker] c.c.iarylser.service.EventServiceImpl    : Event with id 1 not found for update
2024-07-12T14:12:23.546+02:00  WARN 31116 --- [    Test worker] c.c.iarylser.service.EventServiceImpl    : User or Event not found for unlike operation
2024-07-12T14:12:23.629+02:00  WARN 31116 --- [    Test worker] c.c.iarylser.service.EventServiceImpl    : Author with nickname null not found when deleting event 1
2024-07-12T14:12:23.662+02:00  WARN 31116 --- [    Test worker] c.c.iarylser.service.EventServiceImpl    : Attempted to set capacity to 5, but there are 0 sold tickets
2024-07-12T14:12:23.670+02:00  WARN 31116 --- [    Test worker] c.c.iarylser.service.EventServiceImpl    : Event with id 1 not found for deletion
2024-07-12T14:12:23.693+02:00  WARN 31116 --- [    Test worker] c.c.iarylser.service.EventServiceImpl    : User or event with nickname null not found
]]></system-out>
  <system-err><![CDATA[]]></system-err>
</testsuite>
