<?xml version="1.0" encoding="UTF-8"?>
<testsuite name="cz.cvut.iarylser.service.EventServiceTest" tests="12" skipped="0" failures="0" errors="0" timestamp="2024-01-13T09:54:41" hostname="MACHINE" time="1.317">
  <properties/>
  <testcase name="convertToDTOList()" classname="cz.cvut.iarylser.service.EventServiceTest" time="1.188"/>
  <testcase name="deleteEvent()" classname="cz.cvut.iarylser.service.EventServiceTest" time="0.01"/>
  <testcase name="getAllEvents()" classname="cz.cvut.iarylser.service.EventServiceTest" time="0.047"/>
  <testcase name="updateEvent()" classname="cz.cvut.iarylser.service.EventServiceTest" time="0.003"/>
  <testcase name="createEvent()" classname="cz.cvut.iarylser.service.EventServiceTest" time="0.015"/>
  <testcase name="updateForOrgChange()" classname="cz.cvut.iarylser.service.EventServiceTest" time="0.002"/>
  <testcase name="likeEvent()" classname="cz.cvut.iarylser.service.EventServiceTest" time="0.001"/>
  <testcase name="unlikeEvent()" classname="cz.cvut.iarylser.service.EventServiceTest" time="0.002"/>
  <testcase name="getEventById()" classname="cz.cvut.iarylser.service.EventServiceTest" time="0.005"/>
  <testcase name="convertToDto()" classname="cz.cvut.iarylser.service.EventServiceTest" time="0.005"/>
  <testcase name="getRecommend()" classname="cz.cvut.iarylser.service.EventServiceTest" time="0.003"/>
  <testcase name="purchaseTicket()" classname="cz.cvut.iarylser.service.EventServiceTest" time="0.002"/>
  <system-out><![CDATA[]]></system-out>
  <system-err><![CDATA[]]></system-err>
</testsuite>
