<?xml version="1.0" encoding="UTF-8"?>
<testsuite name="cz.cvut.iarylser.service.TicketServiceImplTest" tests="10" skipped="0" failures="0" errors="0" timestamp="2024-07-14T18:19:28" hostname="MACHINE" time="0.053">
  <properties/>
  <testcase name="deleteTicketFailure()" classname="cz.cvut.iarylser.service.TicketServiceImplTest" time="0.004"/>
  <testcase name="updateTicketFailure()" classname="cz.cvut.iarylser.service.TicketServiceImplTest" time="0.004"/>
  <testcase name="getTicketByUserFailure()" classname="cz.cvut.iarylser.service.TicketServiceImplTest" time="0.004"/>
  <testcase name="setDetailsFromEvent()" classname="cz.cvut.iarylser.service.TicketServiceImplTest" time="0.004"/>
  <testcase name="deleteTicketSucceeded()" classname="cz.cvut.iarylser.service.TicketServiceImplTest" time="0.005"/>
  <testcase name="getTicketByIdFailure()" classname="cz.cvut.iarylser.service.TicketServiceImplTest" time="0.003"/>
  <testcase name="getTicketByIdSucceeded()" classname="cz.cvut.iarylser.service.TicketServiceImplTest" time="0.004"/>
  <testcase name="updateTicketSucceeded()" classname="cz.cvut.iarylser.service.TicketServiceImplTest" time="0.004"/>
  <testcase name="getTicketByUserSucceeded()" classname="cz.cvut.iarylser.service.TicketServiceImplTest" time="0.005"/>
  <testcase name="createTicket()" classname="cz.cvut.iarylser.service.TicketServiceImplTest" time="0.006"/>
  <system-out><![CDATA[2024-07-14T20:19:28.087+02:00  INFO 45104 --- [    Test worker] t.c.s.AnnotationConfigContextLoaderUtils : Could not detect default configuration classes for test class [cz.cvut.iarylser.service.TicketServiceImplTest]: TicketServiceImplTest does not declare any static, non-private, non-final, nested classes annotated with @Configuration.
2024-07-14T20:19:28.090+02:00  INFO 45104 --- [    Test worker] .b.t.c.SpringBootTestContextBootstrapper : Found @SpringBootConfiguration cz.cvut.iarylser.Application for test class cz.cvut.iarylser.service.TicketServiceImplTest

  .   ____          _            __ _ _
 /\\ / ___'_ __ _ _(_)_ __  __ _ \ \ \ \
( ( )\___ | '_ | '_| | '_ \/ _` | \ \ \ \
 \\/  ___)| |_)| | | | | || (_| |  ) ) ) )
  '  |____| .__|_| |_|_| |_\__, | / / / /
 =========|_|==============|___/=/_/_/_/
 :: Spring Boot ::                (v3.1.5)

2024-07-14T20:19:28.118+02:00  INFO 45104 --- [    Test worker] c.c.i.service.TicketServiceImplTest      : Starting TicketServiceImplTest using Java 17.0.9 with PID 45104 (started by 1 in D:\Project\eventExplorerBackend)
2024-07-14T20:19:28.119+02:00  INFO 45104 --- [    Test worker] c.c.i.service.TicketServiceImplTest      : No active profile set, falling back to 1 default profile: "default"
2024-07-14T20:19:28.418+02:00  INFO 45104 --- [    Test worker] .s.d.r.c.RepositoryConfigurationDelegate : Bootstrapping Spring Data JPA repositories in DEFAULT mode.
2024-07-14T20:19:28.446+02:00  INFO 45104 --- [    Test worker] .s.d.r.c.RepositoryConfigurationDelegate : Finished Spring Data repository scanning in 26 ms. Found 3 JPA repository interfaces.
2024-07-14T20:19:28.588+02:00  INFO 45104 --- [    Test worker] o.hibernate.jpa.internal.util.LogHelper  : HHH000204: Processing PersistenceUnitInfo [name: default]
2024-07-14T20:19:28.600+02:00  INFO 45104 --- [    Test worker] o.s.o.j.p.SpringPersistenceUnitInfo      : No LoadTimeWeaver setup: ignoring JPA class transformer
2024-07-14T20:19:28.601+02:00  INFO 45104 --- [    Test worker] com.zaxxer.hikari.HikariDataSource       : HikariPool-2 - Starting...
2024-07-14T20:19:28.602+02:00  INFO 45104 --- [    Test worker] com.zaxxer.hikari.pool.HikariPool        : HikariPool-2 - Added connection conn23: url=jdbc:h2:mem:test user=IARYLSER
2024-07-14T20:19:28.603+02:00  INFO 45104 --- [    Test worker] com.zaxxer.hikari.HikariDataSource       : HikariPool-2 - Start completed.
2024-07-14T20:19:28.604+02:00  WARN 45104 --- [    Test worker] org.hibernate.orm.deprecation            : HHH90000025: H2Dialect does not need to be specified explicitly using 'hibernate.dialect' (remove the property setting and it will be selected by default)
2024-07-14T20:19:28.712+02:00  INFO 45104 --- [    Test worker] o.h.e.t.j.p.i.JtaPlatformInitiator       : HHH000489: No JTA platform available (set 'hibernate.transaction.jta.platform' to enable JTA platform integration)
2024-07-14T20:19:28.733+02:00  INFO 45104 --- [    Test worker] j.LocalContainerEntityManagerFactoryBean : Initialized JPA EntityManagerFactory for persistence unit 'default'
2024-07-14T20:19:28.864+02:00  WARN 45104 --- [    Test worker] JpaBaseConfiguration$JpaWebConfiguration : spring.jpa.open-in-view is enabled by default. Therefore, database queries may be performed during view rendering. Explicitly configure spring.jpa.open-in-view to disable this warning
2024-07-14T20:19:28.991+02:00  INFO 45104 --- [    Test worker] c.c.i.service.TicketServiceImplTest      : Started TicketServiceImplTest in 0.895 seconds (process running for 12.215)
2024-07-14T20:19:29.002+02:00  WARN 45104 --- [    Test worker] c.c.iarylser.service.TicketServiceImpl   : Ticket with id 1 not found for update
]]></system-out>
  <system-err><![CDATA[]]></system-err>
</testsuite>
