<?xml version="1.0" encoding="UTF-8"?>
<testsuite name="cz.cvut.iarylser.dao.repository.TicketRepositoryTest" tests="2" skipped="0" failures="0" errors="0" timestamp="2024-01-12T10:29:41" hostname="MACHINE" time="0.829">
  <properties/>
  <testcase name="findByIdCustomerNotExistCustomer()" classname="cz.cvut.iarylser.dao.repository.TicketRepositoryTest" time="0.81"/>
  <testcase name="findByIdCustomerExistCustomer()" classname="cz.cvut.iarylser.dao.repository.TicketRepositoryTest" time="0.018"/>
  <system-out><![CDATA[11:29:36.804 [Test worker] INFO org.springframework.test.context.support.AnnotationConfigContextLoaderUtils -- Could not detect default configuration classes for test class [cz.cvut.iarylser.dao.repository.TicketRepositoryTest]: TicketRepositoryTest does not declare any static, non-private, non-final, nested classes annotated with @Configuration.
11:29:36.968 [Test worker] INFO org.springframework.boot.test.context.SpringBootTestContextBootstrapper -- Found @SpringBootConfiguration cz.cvut.iarylser.Application for test class cz.cvut.iarylser.dao.repository.TicketRepositoryTest

  .   ____          _            __ _ _
 /\\ / ___'_ __ _ _(_)_ __  __ _ \ \ \ \
( ( )\___ | '_ | '_| | '_ \/ _` | \ \ \ \
 \\/  ___)| |_)| | | | | || (_| |  ) ) ) )
  '  |____| .__|_| |_|_| |_\__, | / / / /
 =========|_|==============|___/=/_/_/_/
 :: Spring Boot ::                (v3.1.5)

2024-01-12T11:29:37.446+01:00  INFO 22416 --- [    Test worker] c.c.i.d.repository.TicketRepositoryTest  : Starting TicketRepositoryTest using Java 17.0.9 with PID 22416 (started by 1 in D:\Project\eventexplorer)
2024-01-12T11:29:37.448+01:00  INFO 22416 --- [    Test worker] c.c.i.d.repository.TicketRepositoryTest  : No active profile set, falling back to 1 default profile: "default"
2024-01-12T11:29:37.925+01:00  INFO 22416 --- [    Test worker] .s.d.r.c.RepositoryConfigurationDelegate : Bootstrapping Spring Data JPA repositories in DEFAULT mode.
2024-01-12T11:29:37.998+01:00  INFO 22416 --- [    Test worker] .s.d.r.c.RepositoryConfigurationDelegate : Finished Spring Data repository scanning in 58 ms. Found 3 JPA repository interfaces.
2024-01-12T11:29:38.057+01:00  INFO 22416 --- [    Test worker] beddedDataSourceBeanFactoryPostProcessor : Replacing 'dataSource' DataSource bean with embedded version
2024-01-12T11:29:38.286+01:00  INFO 22416 --- [    Test worker] o.s.j.d.e.EmbeddedDatabaseFactory        : Starting embedded database: url='jdbc:h2:mem:596eaaa9-fb22-48a0-8ec8-6b35c85d621a;DB_CLOSE_DELAY=-1;DB_CLOSE_ON_EXIT=false', username='sa'
2024-01-12T11:29:38.572+01:00  INFO 22416 --- [    Test worker] o.hibernate.jpa.internal.util.LogHelper  : HHH000204: Processing PersistenceUnitInfo [name: default]
2024-01-12T11:29:38.627+01:00  INFO 22416 --- [    Test worker] org.hibernate.Version                    : HHH000412: Hibernate ORM core version 6.2.13.Final
2024-01-12T11:29:38.628+01:00  INFO 22416 --- [    Test worker] org.hibernate.cfg.Environment            : HHH000406: Using bytecode reflection optimizer
2024-01-12T11:29:39.018+01:00  INFO 22416 --- [    Test worker] o.s.o.j.p.SpringPersistenceUnitInfo      : No LoadTimeWeaver setup: ignoring JPA class transformer
2024-01-12T11:29:39.075+01:00  WARN 22416 --- [    Test worker] org.hibernate.dialect.Dialect            : HHH000511: The 2.1.0 version for [org.hibernate.dialect.PostgreSQLDialect] is no longer supported, hence certain features may not work properly. The minimum supported version is 10.0.0. Check the community dialects project for available legacy versions.
2024-01-12T11:29:39.080+01:00  WARN 22416 --- [    Test worker] org.hibernate.orm.deprecation            : HHH90000025: PostgreSQLDialect does not need to be specified explicitly using 'hibernate.dialect' (remove the property setting and it will be selected by default)
2024-01-12T11:29:40.266+01:00  INFO 22416 --- [    Test worker] o.h.e.t.j.p.i.JtaPlatformInitiator       : HHH000489: No JTA platform available (set 'hibernate.transaction.jta.platform' to enable JTA platform integration)
Hibernate: create table public.event (id_event bigint not null, age_restriction boolean, capacity integer, date_and_time timestamp(6), description text, id_organizer bigint, location varchar(255), log bytea, organizer varchar(255), sold_tickets integer, ticket_price integer, title varchar(255), topic smallint check (topic between 0 and 8), id_user bigint, primary key (id_event))
Hibernate: create table public.ticket (id_ticket bigint not null, details text, event_id bigint, id_customer bigint, id_organizer bigint, ticket_status smallint check (ticket_status between 0 and 1), id_event bigint, id_user bigint, primary key (id_ticket))
Hibernate: create table event_like_by (like_by_me_id_event bigint not null, like_by_id_user bigint not null)
Hibernate: create table users (id_user bigint not null, age integer, description text, email varchar(255), first_name varchar(255), last_name varchar(255), nickname varchar(255), password varchar(255), primary key (id_user))
Hibernate: alter table if exists users drop constraint if exists UK_2ty1xmrrgtn89xt7kyxx6ta7h
Hibernate: alter table if exists users add constraint UK_2ty1xmrrgtn89xt7kyxx6ta7h unique (nickname)
Hibernate: create sequence event_seq start with 1 increment by 50
Hibernate: create sequence ticket_seq start with 1 increment by 50
Hibernate: create sequence users_seq start with 1 increment by 50
Hibernate: alter table if exists public.event add constraint FKcam53vvc1ecfyiejtv98f49oe foreign key (id_user) references users
Hibernate: alter table if exists public.ticket add constraint FKh5r4ua2h63akkkiae6evkfr0 foreign key (id_event) references public.event
Hibernate: alter table if exists public.ticket add constraint FKmlniiijfm8ihk6w6dcnog7vrh foreign key (id_user) references users
Hibernate: alter table if exists event_like_by add constraint FK4jaq3la4ppux0lk4fslxf5hgi foreign key (like_by_id_user) references users
Hibernate: alter table if exists event_like_by add constraint FKitxe7hsfclhugaufwdiv440dv foreign key (like_by_me_id_event) references public.event
2024-01-12T11:29:40.355+01:00  INFO 22416 --- [    Test worker] j.LocalContainerEntityManagerFactoryBean : Initialized JPA EntityManagerFactory for persistence unit 'default'
2024-01-12T11:29:41.056+01:00  INFO 22416 --- [    Test worker] c.c.i.d.repository.TicketRepositoryTest  : Started TicketRepositoryTest in 3.983 seconds (process running for 5.401)
Hibernate: select t1_0.id_ticket,t1_0.details,e1_0.id_event,e1_0.age_restriction,e1_0.capacity,e1_0.date_and_time,e1_0.description,e1_0.id_organizer,e1_0.location,e1_0.log,e1_0.organizer,e1_0.sold_tickets,e1_0.ticket_price,e1_0.title,e1_0.topic,u1_0.id_user,u1_0.age,u1_0.description,u1_0.email,u1_0.first_name,u1_0.last_name,l1_0.like_by_id_user,l1_1.id_event,l1_1.age_restriction,l1_1.capacity,l1_1.date_and_time,l1_1.description,l1_1.id_organizer,l1_1.location,l1_1.log,l1_1.organizer,l1_1.sold_tickets,l1_1.ticket_price,l1_1.title,l1_1.topic,l1_1.id_user,u1_0.nickname,u1_0.password,t1_0.event_id,t1_0.id_customer,t1_0.id_organizer,t1_0.ticket_status,u3_0.id_user,u3_0.age,u3_0.description,u3_0.email,u3_0.first_name,u3_0.last_name,u3_0.nickname,u3_0.password from public.ticket t1_0 left join public.event e1_0 on e1_0.id_event=t1_0.id_event left join users u1_0 on u1_0.id_user=e1_0.id_user left join (event_like_by l1_0 join public.event l1_1 on l1_1.id_event=l1_0.like_by_me_id_event) on u1_0.id_user=l1_0.like_by_id_user left join users u3_0 on u3_0.id_user=t1_0.id_user where t1_0.id_ticket=?
Hibernate: select nextval('ticket_seq')
Hibernate: insert into public.ticket (details,id_event,event_id,id_customer,id_organizer,ticket_status,id_user,id_ticket) values (?,?,?,?,?,?,?,?)
Hibernate: select t1_0.id_ticket,t1_0.details,t1_0.id_event,t1_0.event_id,t1_0.id_customer,t1_0.id_organizer,t1_0.ticket_status,t1_0.id_user from public.ticket t1_0 where t1_0.id_customer=?
Hibernate: select t1_0.id_ticket,t1_0.details,e1_0.id_event,e1_0.age_restriction,e1_0.capacity,e1_0.date_and_time,e1_0.description,e1_0.id_organizer,e1_0.location,e1_0.log,e1_0.organizer,e1_0.sold_tickets,e1_0.ticket_price,e1_0.title,e1_0.topic,u1_0.id_user,u1_0.age,u1_0.description,u1_0.email,u1_0.first_name,u1_0.last_name,l1_0.like_by_id_user,l1_1.id_event,l1_1.age_restriction,l1_1.capacity,l1_1.date_and_time,l1_1.description,l1_1.id_organizer,l1_1.location,l1_1.log,l1_1.organizer,l1_1.sold_tickets,l1_1.ticket_price,l1_1.title,l1_1.topic,l1_1.id_user,u1_0.nickname,u1_0.password,t1_0.event_id,t1_0.id_customer,t1_0.id_organizer,t1_0.ticket_status,u3_0.id_user,u3_0.age,u3_0.description,u3_0.email,u3_0.first_name,u3_0.last_name,u3_0.nickname,u3_0.password from public.ticket t1_0 left join public.event e1_0 on e1_0.id_event=t1_0.id_event left join users u1_0 on u1_0.id_user=e1_0.id_user left join (event_like_by l1_0 join public.event l1_1 on l1_1.id_event=l1_0.like_by_me_id_event) on u1_0.id_user=l1_0.like_by_id_user left join users u3_0 on u3_0.id_user=t1_0.id_user where t1_0.id_ticket=?
Hibernate: select nextval('ticket_seq')
Hibernate: insert into public.ticket (details,id_event,event_id,id_customer,id_organizer,ticket_status,id_user,id_ticket) values (?,?,?,?,?,?,?,?)
Hibernate: select t1_0.id_ticket,t1_0.details,t1_0.id_event,t1_0.event_id,t1_0.id_customer,t1_0.id_organizer,t1_0.ticket_status,t1_0.id_user from public.ticket t1_0 where t1_0.id_customer=?
]]></system-out>
  <system-err><![CDATA[]]></system-err>
</testsuite>
