<?xml version="1.0" encoding="UTF-8"?>
<testsuite name="cz.cvut.iarylser.service.UserServiceTest" tests="1" skipped="0" failures="0" errors="0" timestamp="2024-01-12T14:01:21" hostname="MACHINE" time="1.186">
  <properties/>
  <testcase name="createUser()" classname="cz.cvut.iarylser.service.UserServiceTest" time="1.186"/>
  <system-out><![CDATA[]]></system-out>
  <system-err><![CDATA[]]></system-err>
</testsuite>
