<?xml version="1.0" encoding="UTF-8"?>
<testsuite name="cz.cvut.iarylser.service.EventServiceImplTest" tests="5" skipped="0" failures="0" errors="0" timestamp="2024-07-07T14:46:59" hostname="MACHINE" time="0.05">
  <properties/>
  <testcase name="likeEventFailure()" classname="cz.cvut.iarylser.service.EventServiceImplTest" time="0.014"/>
  <testcase name="likeEventSuccessful()" classname="cz.cvut.iarylser.service.EventServiceImplTest" time="0.008"/>
  <testcase name="getAllEvents()" classname="cz.cvut.iarylser.service.EventServiceImplTest" time="0.012"/>
  <testcase name="getEventByIdFailure()" classname="cz.cvut.iarylser.service.EventServiceImplTest" time="0.006"/>
  <testcase name="getEventByIdSuccessful()" classname="cz.cvut.iarylser.service.EventServiceImplTest" time="0.005"/>
  <system-out><![CDATA[2024-07-07T16:46:58.712+02:00  INFO 16176 --- [    Test worker] t.c.s.AnnotationConfigContextLoaderUtils : Could not detect default configuration classes for test class [cz.cvut.iarylser.service.EventServiceImplTest]: EventServiceImplTest does not declare any static, non-private, non-final, nested classes annotated with @Configuration.
2024-07-07T16:46:58.722+02:00  INFO 16176 --- [    Test worker] .b.t.c.SpringBootTestContextBootstrapper : Found @SpringBootConfiguration cz.cvut.iarylser.Application for test class cz.cvut.iarylser.service.EventServiceImplTest

  .   ____          _            __ _ _
 /\\ / ___'_ __ _ _(_)_ __  __ _ \ \ \ \
( ( )\___ | '_ | '_| | '_ \/ _` | \ \ \ \
 \\/  ___)| |_)| | | | | || (_| |  ) ) ) )
  '  |____| .__|_| |_|_| |_\__, | / / / /
 =========|_|==============|___/=/_/_/_/
 :: Spring Boot ::                (v3.1.5)

2024-07-07T16:46:58.749+02:00  INFO 16176 --- [    Test worker] c.c.i.service.EventServiceImplTest       : Starting EventServiceImplTest using Java 17.0.9 with PID 16176 (started by 1 in D:\Project\eventExplorerBackend)
2024-07-07T16:46:58.750+02:00  INFO 16176 --- [    Test worker] c.c.i.service.EventServiceImplTest       : No active profile set, falling back to 1 default profile: "default"
2024-07-07T16:46:59.120+02:00  INFO 16176 --- [    Test worker] .s.d.r.c.RepositoryConfigurationDelegate : Bootstrapping Spring Data JPA repositories in DEFAULT mode.
2024-07-07T16:46:59.133+02:00  INFO 16176 --- [    Test worker] .s.d.r.c.RepositoryConfigurationDelegate : Finished Spring Data repository scanning in 11 ms. Found 3 JPA repository interfaces.
2024-07-07T16:46:59.275+02:00  INFO 16176 --- [    Test worker] o.hibernate.jpa.internal.util.LogHelper  : HHH000204: Processing PersistenceUnitInfo [name: default]
2024-07-07T16:46:59.283+02:00  INFO 16176 --- [    Test worker] o.s.o.j.p.SpringPersistenceUnitInfo      : No LoadTimeWeaver setup: ignoring JPA class transformer
2024-07-07T16:46:59.285+02:00  INFO 16176 --- [    Test worker] com.zaxxer.hikari.HikariDataSource       : HikariPool-1 - Starting...
2024-07-07T16:46:59.306+02:00  INFO 16176 --- [    Test worker] com.zaxxer.hikari.pool.HikariPool        : HikariPool-1 - Added connection conn13: url=jdbc:h2:mem:test user=IARYLSER
2024-07-07T16:46:59.308+02:00  INFO 16176 --- [    Test worker] com.zaxxer.hikari.HikariDataSource       : HikariPool-1 - Start completed.
2024-07-07T16:46:59.315+02:00  WARN 16176 --- [    Test worker] org.hibernate.orm.deprecation            : HHH90000025: H2Dialect does not need to be specified explicitly using 'hibernate.dialect' (remove the property setting and it will be selected by default)
2024-07-07T16:46:59.413+02:00  INFO 16176 --- [    Test worker] o.h.e.t.j.p.i.JtaPlatformInitiator       : HHH000489: No JTA platform available (set 'hibernate.transaction.jta.platform' to enable JTA platform integration)
2024-07-07T16:46:59.427+02:00  INFO 16176 --- [    Test worker] j.LocalContainerEntityManagerFactoryBean : Initialized JPA EntityManagerFactory for persistence unit 'default'
2024-07-07T16:46:59.709+02:00  WARN 16176 --- [    Test worker] JpaBaseConfiguration$JpaWebConfiguration : spring.jpa.open-in-view is enabled by default. Therefore, database queries may be performed during view rendering. Explicitly configure spring.jpa.open-in-view to disable this warning
2024-07-07T16:46:59.931+02:00  INFO 16176 --- [    Test worker] c.c.i.service.EventServiceImplTest       : Started EventServiceImplTest in 1.202 seconds (process running for 11.367)
2024-07-07T16:46:59.946+02:00  WARN 16176 --- [    Test worker] cz.cvut.iarylser.service.EventService    : User or Event not found for like operation
]]></system-out>
  <system-err><![CDATA[]]></system-err>
</testsuite>
