<?xml version="1.0" encoding="UTF-8"?>
<testsuite name="cz.cvut.iarylser.dao.entity.EventTest" tests="2" skipped="0" failures="0" errors="0" timestamp="2024-01-21T12:39:18" hostname="MACHINE" time="0.006">
  <properties/>
  <testcase name="getAvailableSeat()" classname="cz.cvut.iarylser.dao.entity.EventTest" time="0.004"/>
  <testcase name="updateCapacity()" classname="cz.cvut.iarylser.dao.entity.EventTest" time="0.002"/>
  <system-out><![CDATA[]]></system-out>
  <system-err><![CDATA[]]></system-err>
</testsuite>
