<?xml version="1.0" encoding="UTF-8"?>
<testsuite name="cz.cvut.iarylser.controller.EventControllerTest" tests="9" skipped="0" failures="0" errors="0" timestamp="2024-01-20T17:28:51" hostname="MACHINE" time="0.417">
  <properties/>
  <testcase name="getRecommendedEventsSucceeded()" classname="cz.cvut.iarylser.controller.EventControllerTest" time="0.03"/>
  <testcase name="likeEventSucceeded()" classname="cz.cvut.iarylser.controller.EventControllerTest" time="0.125"/>
  <testcase name="updateEventSucceeded()" classname="cz.cvut.iarylser.controller.EventControllerTest" time="0.188"/>
  <testcase name="purchaseTicketSucceeded()" classname="cz.cvut.iarylser.controller.EventControllerTest" time="0.019"/>
  <testcase name="createEventSucceeded()" classname="cz.cvut.iarylser.controller.EventControllerTest" time="0.008"/>
  <testcase name="unlikeEventSucceeded()" classname="cz.cvut.iarylser.controller.EventControllerTest" time="0.006"/>
  <testcase name="deleteEventSucceeded()" classname="cz.cvut.iarylser.controller.EventControllerTest" time="0.006"/>
  <testcase name="getAllEventsSucceeded()" classname="cz.cvut.iarylser.controller.EventControllerTest" time="0.01"/>
  <testcase name="getEventByIdSucceeded()" classname="cz.cvut.iarylser.controller.EventControllerTest" time="0.009"/>
  <system-out><![CDATA[18:28:48.935 [Test worker] INFO org.springframework.test.context.support.AnnotationConfigContextLoaderUtils -- Could not detect default configuration classes for test class [cz.cvut.iarylser.controller.EventControllerTest]: EventControllerTest does not declare any static, non-private, non-final, nested classes annotated with @Configuration.
18:28:49.139 [Test worker] INFO org.springframework.boot.test.context.SpringBootTestContextBootstrapper -- Found @SpringBootConfiguration cz.cvut.iarylser.Application for test class cz.cvut.iarylser.controller.EventControllerTest

  .   ____          _            __ _ _
 /\\ / ___'_ __ _ _(_)_ __  __ _ \ \ \ \
( ( )\___ | '_ | '_| | '_ \/ _` | \ \ \ \
 \\/  ___)| |_)| | | | | || (_| |  ) ) ) )
  '  |____| .__|_| |_|_| |_\__, | / / / /
 =========|_|==============|___/=/_/_/_/
 :: Spring Boot ::                (v3.1.5)

2024-01-20T18:28:49.674+01:00  INFO 17564 --- [    Test worker] c.c.i.controller.EventControllerTest     : Starting EventControllerTest using Java 17.0.9 with PID 17564 (started by 1 in D:\Project\eventexplorer)
2024-01-20T18:28:49.677+01:00  INFO 17564 --- [    Test worker] c.c.i.controller.EventControllerTest     : No active profile set, falling back to 1 default profile: "default"
2024-01-20T18:28:51.521+01:00  INFO 17564 --- [    Test worker] o.s.b.t.m.w.SpringBootMockServletContext : Initializing Spring TestDispatcherServlet ''
2024-01-20T18:28:51.521+01:00  INFO 17564 --- [    Test worker] o.s.t.web.servlet.TestDispatcherServlet  : Initializing Servlet ''
2024-01-20T18:28:51.527+01:00  INFO 17564 --- [    Test worker] o.s.t.web.servlet.TestDispatcherServlet  : Completed initialization in 2 ms
2024-01-20T18:28:51.573+01:00  INFO 17564 --- [    Test worker] c.c.i.controller.EventControllerTest     : Started EventControllerTest in 2.325 seconds (process running for 3.934)
]]></system-out>
  <system-err><![CDATA[]]></system-err>
</testsuite>
