<?xml version="1.0" encoding="UTF-8"?>
<testsuite name="cz.cvut.iarylser.service.UserServiceTest" tests="13" skipped="0" failures="0" errors="0" timestamp="2024-02-07T16:41:55" hostname="MACHINE" time="0.064">
  <properties/>
  <testcase name="convertToDTOList()" classname="cz.cvut.iarylser.service.UserServiceTest" time="0.004"/>
  <testcase name="authenticateUserFailure()" classname="cz.cvut.iarylser.service.UserServiceTest" time="0.005"/>
  <testcase name="deleteUserSucceeded()" classname="cz.cvut.iarylser.service.UserServiceTest" time="0.003"/>
  <testcase name="updateUserSucceeded()" classname="cz.cvut.iarylser.service.UserServiceTest" time="0.006"/>
  <testcase name="deleteUserFailure()" classname="cz.cvut.iarylser.service.UserServiceTest" time="0.003"/>
  <testcase name="updateUserFailureNicknameExist()" classname="cz.cvut.iarylser.service.UserServiceTest" time="0.003"/>
  <testcase name="createUserFailure()" classname="cz.cvut.iarylser.service.UserServiceTest" time="0.004"/>
  <testcase name="getAllUsers()" classname="cz.cvut.iarylser.service.UserServiceTest" time="0.004"/>
  <testcase name="createUserSucceeded()" classname="cz.cvut.iarylser.service.UserServiceTest" time="0.004"/>
  <testcase name="convertToDTO()" classname="cz.cvut.iarylser.service.UserServiceTest" time="0.003"/>
  <testcase name="updateUserFailure()" classname="cz.cvut.iarylser.service.UserServiceTest" time="0.005"/>
  <testcase name="getUserById()" classname="cz.cvut.iarylser.service.UserServiceTest" time="0.003"/>
  <testcase name="authenticateUserSucceeds()" classname="cz.cvut.iarylser.service.UserServiceTest" time="0.004"/>
  <system-out><![CDATA[2024-02-07T17:41:54.720+01:00  INFO 28788 --- [    Test worker] t.c.s.AnnotationConfigContextLoaderUtils : Could not detect default configuration classes for test class [cz.cvut.iarylser.service.UserServiceTest]: UserServiceTest does not declare any static, non-private, non-final, nested classes annotated with @Configuration.
2024-02-07T17:41:54.722+01:00  INFO 28788 --- [    Test worker] .b.t.c.SpringBootTestContextBootstrapper : Found @SpringBootConfiguration cz.cvut.iarylser.Application for test class cz.cvut.iarylser.service.UserServiceTest

  .   ____          _            __ _ _
 /\\ / ___'_ __ _ _(_)_ __  __ _ \ \ \ \
( ( )\___ | '_ | '_| | '_ \/ _` | \ \ \ \
 \\/  ___)| |_)| | | | | || (_| |  ) ) ) )
  '  |____| .__|_| |_|_| |_\__, | / / / /
 =========|_|==============|___/=/_/_/_/
 :: Spring Boot ::                (v3.1.5)

2024-02-07T17:41:54.741+01:00  INFO 28788 --- [    Test worker] c.cvut.iarylser.service.UserServiceTest  : Starting UserServiceTest using Java 17.0.9 with PID 28788 (started by 1 in D:\Project\eventexplorer)
2024-02-07T17:41:54.741+01:00  INFO 28788 --- [    Test worker] c.cvut.iarylser.service.UserServiceTest  : No active profile set, falling back to 1 default profile: "default"
2024-02-07T17:41:54.889+01:00  INFO 28788 --- [    Test worker] .s.d.r.c.RepositoryConfigurationDelegate : Bootstrapping Spring Data JPA repositories in DEFAULT mode.
2024-02-07T17:41:54.899+01:00  INFO 28788 --- [    Test worker] .s.d.r.c.RepositoryConfigurationDelegate : Finished Spring Data repository scanning in 9 ms. Found 3 JPA repository interfaces.
2024-02-07T17:41:54.962+01:00  INFO 28788 --- [    Test worker] o.hibernate.jpa.internal.util.LogHelper  : HHH000204: Processing PersistenceUnitInfo [name: default]
2024-02-07T17:41:54.973+01:00  INFO 28788 --- [    Test worker] o.s.o.j.p.SpringPersistenceUnitInfo      : No LoadTimeWeaver setup: ignoring JPA class transformer
2024-02-07T17:41:54.974+01:00  INFO 28788 --- [    Test worker] com.zaxxer.hikari.HikariDataSource       : HikariPool-3 - Starting...
2024-02-07T17:41:54.975+01:00  INFO 28788 --- [    Test worker] com.zaxxer.hikari.pool.HikariPool        : HikariPool-3 - Added connection conn33: url=jdbc:h2:mem:test user=IARYLSER
2024-02-07T17:41:54.976+01:00  INFO 28788 --- [    Test worker] com.zaxxer.hikari.HikariDataSource       : HikariPool-3 - Start completed.
2024-02-07T17:41:54.976+01:00  WARN 28788 --- [    Test worker] org.hibernate.orm.deprecation            : HHH90000025: H2Dialect does not need to be specified explicitly using 'hibernate.dialect' (remove the property setting and it will be selected by default)
2024-02-07T17:41:55.047+01:00  INFO 28788 --- [    Test worker] o.h.e.t.j.p.i.JtaPlatformInitiator       : HHH000489: No JTA platform available (set 'hibernate.transaction.jta.platform' to enable JTA platform integration)
2024-02-07T17:41:55.057+01:00  INFO 28788 --- [    Test worker] j.LocalContainerEntityManagerFactoryBean : Initialized JPA EntityManagerFactory for persistence unit 'default'
2024-02-07T17:41:55.120+01:00  WARN 28788 --- [    Test worker] JpaBaseConfiguration$JpaWebConfiguration : spring.jpa.open-in-view is enabled by default. Therefore, database queries may be performed during view rendering. Explicitly configure spring.jpa.open-in-view to disable this warning
2024-02-07T17:41:55.235+01:00  INFO 28788 --- [    Test worker] c.cvut.iarylser.service.UserServiceTest  : Started UserServiceTest in 0.508 seconds (process running for 11.522)
2024-02-07T17:41:55.261+01:00  WARN 28788 --- [    Test worker] cz.cvut.iarylser.service.UserService     : User with id 1 not found for deletion
2024-02-07T17:41:55.290+01:00  WARN 28788 --- [    Test worker] cz.cvut.iarylser.service.UserService     : User with id 1 not found for update
]]></system-out>
  <system-err><![CDATA[]]></system-err>
</testsuite>
