<?xml version="1.0" encoding="UTF-8"?>
<testsuite name="cz.cvut.iarylser.controller.EventControllerTest" tests="17" skipped="0" failures="0" errors="0" timestamp="2024-07-07T14:03:13" hostname="MACHINE" time="0.545">
  <properties/>
  <testcase name="getByLikedGreaterThanSuccessful()" classname="cz.cvut.iarylser.controller.EventControllerTest" time="0.25"/>
  <testcase name="likeEventFailure()" classname="cz.cvut.iarylser.controller.EventControllerTest" time="0.013"/>
  <testcase name="deleteEventFailure()" classname="cz.cvut.iarylser.controller.EventControllerTest" time="0.01"/>
  <testcase name="updateEventFailure()" classname="cz.cvut.iarylser.controller.EventControllerTest" time="0.116"/>
  <testcase name="likeEventSucceeded()" classname="cz.cvut.iarylser.controller.EventControllerTest" time="0.006"/>
  <testcase name="getEventByIdFailure()" classname="cz.cvut.iarylser.controller.EventControllerTest" time="0.006"/>
  <testcase name="unlikeEventFailure()" classname="cz.cvut.iarylser.controller.EventControllerTest" time="0.007"/>
  <testcase name="updateEventSucceeded()" classname="cz.cvut.iarylser.controller.EventControllerTest" time="0.02"/>
  <testcase name="purchaseTicketSucceeded()" classname="cz.cvut.iarylser.controller.EventControllerTest" time="0.016"/>
  <testcase name="createEventSucceeded()" classname="cz.cvut.iarylser.controller.EventControllerTest" time="0.009"/>
  <testcase name="unlikeEventSucceeded()" classname="cz.cvut.iarylser.controller.EventControllerTest" time="0.009"/>
  <testcase name="deleteEventSucceeded()" classname="cz.cvut.iarylser.controller.EventControllerTest" time="0.006"/>
  <testcase name="getByLikedGreaterThanNoEventsFound()" classname="cz.cvut.iarylser.controller.EventControllerTest" time="0.007"/>
  <testcase name="getAllEventsSucceeded()" classname="cz.cvut.iarylser.controller.EventControllerTest" time="0.009"/>
  <testcase name="createEventFailure()" classname="cz.cvut.iarylser.controller.EventControllerTest" time="0.01"/>
  <testcase name="getEventByIdSucceeded()" classname="cz.cvut.iarylser.controller.EventControllerTest" time="0.008"/>
  <testcase name="purchaseTicketFailure()" classname="cz.cvut.iarylser.controller.EventControllerTest" time="0.007"/>
  <system-out><![CDATA[16:03:10.400 [Test worker] INFO org.springframework.test.context.support.AnnotationConfigContextLoaderUtils -- Could not detect default configuration classes for test class [cz.cvut.iarylser.controller.EventControllerTest]: EventControllerTest does not declare any static, non-private, non-final, nested classes annotated with @Configuration.
16:03:10.621 [Test worker] INFO org.springframework.boot.test.context.SpringBootTestContextBootstrapper -- Found @SpringBootConfiguration cz.cvut.iarylser.Application for test class cz.cvut.iarylser.controller.EventControllerTest

  .   ____          _            __ _ _
 /\\ / ___'_ __ _ _(_)_ __  __ _ \ \ \ \
( ( )\___ | '_ | '_| | '_ \/ _` | \ \ \ \
 \\/  ___)| |_)| | | | | || (_| |  ) ) ) )
  '  |____| .__|_| |_|_| |_\__, | / / / /
 =========|_|==============|___/=/_/_/_/
 :: Spring Boot ::                (v3.1.5)

2024-07-07T16:03:11.159+02:00  INFO 28640 --- [    Test worker] c.c.i.controller.EventControllerTest     : Starting EventControllerTest using Java 17.0.9 with PID 28640 (started by 1 in D:\Project\eventExplorerBackend)
2024-07-07T16:03:11.161+02:00  INFO 28640 --- [    Test worker] c.c.i.controller.EventControllerTest     : No active profile set, falling back to 1 default profile: "default"
2024-07-07T16:03:13.068+02:00  INFO 28640 --- [    Test worker] o.s.b.t.m.w.SpringBootMockServletContext : Initializing Spring TestDispatcherServlet ''
2024-07-07T16:03:13.069+02:00  INFO 28640 --- [    Test worker] o.s.t.web.servlet.TestDispatcherServlet  : Initializing Servlet ''
2024-07-07T16:03:13.074+02:00  INFO 28640 --- [    Test worker] o.s.t.web.servlet.TestDispatcherServlet  : Completed initialization in 3 ms
2024-07-07T16:03:13.113+02:00  INFO 28640 --- [    Test worker] c.c.i.controller.EventControllerTest     : Started EventControllerTest in 2.368 seconds (process running for 4.181)
]]></system-out>
  <system-err><![CDATA[]]></system-err>
</testsuite>
