<?xml version="1.0" encoding="UTF-8"?>
<testsuite name="cz.cvut.iarylser.service.EventServiceTest" tests="21" skipped="0" failures="0" errors="0" timestamp="2024-02-07T16:41:53" hostname="MACHINE" time="0.143">
  <properties/>
  <testcase name="getByLikedGreaterThanSuccessful()" classname="cz.cvut.iarylser.service.EventServiceTest" time="0.006"/>
  <testcase name="likeEventFailure()" classname="cz.cvut.iarylser.service.EventServiceTest" time="0.007"/>
  <testcase name="convertToDTOList()" classname="cz.cvut.iarylser.service.EventServiceTest" time="0.003"/>
  <testcase name="updateEventFailureNotFound()" classname="cz.cvut.iarylser.service.EventServiceTest" time="0.006"/>
  <testcase name="getAllEvents()" classname="cz.cvut.iarylser.service.EventServiceTest" time="0.01"/>
  <testcase name="updateForOrgChange()" classname="cz.cvut.iarylser.service.EventServiceTest" time="0.005"/>
  <testcase name="likeEventSucceeded()" classname="cz.cvut.iarylser.service.EventServiceTest" time="0.008"/>
  <testcase name="getEventById()" classname="cz.cvut.iarylser.service.EventServiceTest" time="0.005"/>
  <testcase name="unlikeEventFailure()" classname="cz.cvut.iarylser.service.EventServiceTest" time="0.005"/>
  <testcase name="updateEventSucceeded()" classname="cz.cvut.iarylser.service.EventServiceTest" time="0.007"/>
  <testcase name="purchaseTicketSucceeded()" classname="cz.cvut.iarylser.service.EventServiceTest" time="0.009"/>
  <testcase name="getByLikedGreaterThanFailure()" classname="cz.cvut.iarylser.service.EventServiceTest" time="0.003"/>
  <testcase name="createEventSucceeded()" classname="cz.cvut.iarylser.service.EventServiceTest" time="0.006"/>
  <testcase name="convertToDto()" classname="cz.cvut.iarylser.service.EventServiceTest" time="0.003"/>
  <testcase name="unlikeEventSucceeded()" classname="cz.cvut.iarylser.service.EventServiceTest" time="0.006"/>
  <testcase name="deleteEventSucceeded()" classname="cz.cvut.iarylser.service.EventServiceTest" time="0.006"/>
  <testcase name="deleteEventFailureOrganizerNotFound()" classname="cz.cvut.iarylser.service.EventServiceTest" time="0.004"/>
  <testcase name="updateEventFailureCapacity()" classname="cz.cvut.iarylser.service.EventServiceTest" time="0.004"/>
  <testcase name="deleteEventFailureEventNotFound()" classname="cz.cvut.iarylser.service.EventServiceTest" time="0.005"/>
  <testcase name="createEventFailure()" classname="cz.cvut.iarylser.service.EventServiceTest" time="0.004"/>
  <testcase name="purchaseTicketFailure()" classname="cz.cvut.iarylser.service.EventServiceTest" time="0.005"/>
  <system-out><![CDATA[2024-02-07T17:41:52.731+01:00  INFO 28788 --- [    Test worker] t.c.s.AnnotationConfigContextLoaderUtils : Could not detect default configuration classes for test class [cz.cvut.iarylser.service.EventServiceTest]: EventServiceTest does not declare any static, non-private, non-final, nested classes annotated with @Configuration.
2024-02-07T17:41:52.740+01:00  INFO 28788 --- [    Test worker] .b.t.c.SpringBootTestContextBootstrapper : Found @SpringBootConfiguration cz.cvut.iarylser.Application for test class cz.cvut.iarylser.service.EventServiceTest

  .   ____          _            __ _ _
 /\\ / ___'_ __ _ _(_)_ __  __ _ \ \ \ \
( ( )\___ | '_ | '_| | '_ \/ _` | \ \ \ \
 \\/  ___)| |_)| | | | | || (_| |  ) ) ) )
  '  |____| .__|_| |_|_| |_\__, | / / / /
 =========|_|==============|___/=/_/_/_/
 :: Spring Boot ::                (v3.1.5)

2024-02-07T17:41:52.768+01:00  INFO 28788 --- [    Test worker] c.c.iarylser.service.EventServiceTest    : Starting EventServiceTest using Java 17.0.9 with PID 28788 (started by 1 in D:\Project\eventexplorer)
2024-02-07T17:41:52.768+01:00  INFO 28788 --- [    Test worker] c.c.iarylser.service.EventServiceTest    : No active profile set, falling back to 1 default profile: "default"
2024-02-07T17:41:53.124+01:00  INFO 28788 --- [    Test worker] .s.d.r.c.RepositoryConfigurationDelegate : Bootstrapping Spring Data JPA repositories in DEFAULT mode.
2024-02-07T17:41:53.134+01:00  INFO 28788 --- [    Test worker] .s.d.r.c.RepositoryConfigurationDelegate : Finished Spring Data repository scanning in 8 ms. Found 3 JPA repository interfaces.
2024-02-07T17:41:53.344+01:00  INFO 28788 --- [    Test worker] o.hibernate.jpa.internal.util.LogHelper  : HHH000204: Processing PersistenceUnitInfo [name: default]
2024-02-07T17:41:53.349+01:00  INFO 28788 --- [    Test worker] o.s.o.j.p.SpringPersistenceUnitInfo      : No LoadTimeWeaver setup: ignoring JPA class transformer
2024-02-07T17:41:53.352+01:00  INFO 28788 --- [    Test worker] com.zaxxer.hikari.HikariDataSource       : HikariPool-1 - Starting...
2024-02-07T17:41:53.376+01:00  INFO 28788 --- [    Test worker] com.zaxxer.hikari.pool.HikariPool        : HikariPool-1 - Added connection conn13: url=jdbc:h2:mem:test user=IARYLSER
2024-02-07T17:41:53.379+01:00  INFO 28788 --- [    Test worker] com.zaxxer.hikari.HikariDataSource       : HikariPool-1 - Start completed.
2024-02-07T17:41:53.385+01:00  WARN 28788 --- [    Test worker] org.hibernate.orm.deprecation            : HHH90000025: H2Dialect does not need to be specified explicitly using 'hibernate.dialect' (remove the property setting and it will be selected by default)
2024-02-07T17:41:53.472+01:00  INFO 28788 --- [    Test worker] o.h.e.t.j.p.i.JtaPlatformInitiator       : HHH000489: No JTA platform available (set 'hibernate.transaction.jta.platform' to enable JTA platform integration)
2024-02-07T17:41:53.485+01:00  INFO 28788 --- [    Test worker] j.LocalContainerEntityManagerFactoryBean : Initialized JPA EntityManagerFactory for persistence unit 'default'
2024-02-07T17:41:53.691+01:00  WARN 28788 --- [    Test worker] JpaBaseConfiguration$JpaWebConfiguration : spring.jpa.open-in-view is enabled by default. Therefore, database queries may be performed during view rendering. Explicitly configure spring.jpa.open-in-view to disable this warning
2024-02-07T17:41:53.947+01:00  INFO 28788 --- [    Test worker] c.c.iarylser.service.EventServiceTest    : Started EventServiceTest in 1.199 seconds (process running for 10.235)
2024-02-07T17:41:53.964+01:00  WARN 28788 --- [    Test worker] cz.cvut.iarylser.service.EventService    : User or Event not found for like operation
2024-02-07T17:41:53.974+01:00  WARN 28788 --- [    Test worker] cz.cvut.iarylser.service.EventService    : Event with id 1 not found for update
2024-02-07T17:41:54.013+01:00  WARN 28788 --- [    Test worker] cz.cvut.iarylser.service.EventService    : User or Event not found for unlike operation
2024-02-07T17:41:54.069+01:00  WARN 28788 --- [    Test worker] cz.cvut.iarylser.service.EventService    : Author with nickname null not found when deleting event 1
2024-02-07T17:41:54.074+01:00  WARN 28788 --- [    Test worker] cz.cvut.iarylser.service.EventService    : Attempted to set capacity to 5, but there are 0 sold tickets
2024-02-07T17:41:54.081+01:00  WARN 28788 --- [    Test worker] cz.cvut.iarylser.service.EventService    : Event with id 1 not found for deletion
2024-02-07T17:41:54.092+01:00  WARN 28788 --- [    Test worker] cz.cvut.iarylser.service.EventService    : User or event with nickname null not found
]]></system-out>
  <system-err><![CDATA[]]></system-err>
</testsuite>
