<?xml version="1.0" encoding="UTF-8"?>
<testsuite name="cz.cvut.iarylser.dao.entity.EventTest" tests="2" skipped="0" failures="0" errors="0" timestamp="2024-07-07T14:20:40" hostname="MACHINE" time="0.018">
  <properties/>
  <testcase name="getAvailableSeat()" classname="cz.cvut.iarylser.dao.entity.EventTest" time="0.014"/>
  <testcase name="updateCapacity()" classname="cz.cvut.iarylser.dao.entity.EventTest" time="0.003"/>
  <system-out><![CDATA[]]></system-out>
  <system-err><![CDATA[]]></system-err>
</testsuite>
