<?xml version="1.0" encoding="UTF-8"?>
<testsuite name="cz.cvut.iarylser.controller.UserControllerTest" tests="1" skipped="0" failures="0" errors="0" timestamp="2024-01-15T11:04:55" hostname="MACHINE" time="0.195">
  <properties/>
  <testcase name="createUserFail()" classname="cz.cvut.iarylser.controller.UserControllerTest" time="0.195"/>
  <system-out><![CDATA[12:04:53.329 [Test worker] INFO org.springframework.test.context.support.AnnotationConfigContextLoaderUtils -- Could not detect default configuration classes for test class [cz.cvut.iarylser.controller.UserControllerTest]: UserControllerTest does not declare any static, non-private, non-final, nested classes annotated with @Configuration.
12:04:53.480 [Test worker] INFO org.springframework.boot.test.context.SpringBootTestContextBootstrapper -- Found @SpringBootConfiguration cz.cvut.iarylser.Application for test class cz.cvut.iarylser.controller.UserControllerTest

  .   ____          _            __ _ _
 /\\ / ___'_ __ _ _(_)_ __  __ _ \ \ \ \
( ( )\___ | '_ | '_| | '_ \/ _` | \ \ \ \
 \\/  ___)| |_)| | | | | || (_| |  ) ) ) )
  '  |____| .__|_| |_|_| |_\__, | / / / /
 =========|_|==============|___/=/_/_/_/
 :: Spring Boot ::                (v3.1.5)

2024-01-15T12:04:53.897+01:00  INFO 44232 --- [    Test worker] c.c.i.controller.UserControllerTest      : Starting UserControllerTest using Java 17.0.9 with PID 44232 (started by 1 in D:\Project\eventexplorer)
2024-01-15T12:04:53.898+01:00  INFO 44232 --- [    Test worker] c.c.i.controller.UserControllerTest      : No active profile set, falling back to 1 default profile: "default"
2024-01-15T12:04:55.282+01:00  INFO 44232 --- [    Test worker] o.s.b.t.m.w.SpringBootMockServletContext : Initializing Spring TestDispatcherServlet ''
2024-01-15T12:04:55.282+01:00  INFO 44232 --- [    Test worker] o.s.t.web.servlet.TestDispatcherServlet  : Initializing Servlet ''
2024-01-15T12:04:55.285+01:00  INFO 44232 --- [    Test worker] o.s.t.web.servlet.TestDispatcherServlet  : Completed initialization in 2 ms
2024-01-15T12:04:55.310+01:00  INFO 44232 --- [    Test worker] c.c.i.controller.UserControllerTest      : Started UserControllerTest in 1.757 seconds (process running for 2.909)
]]></system-out>
  <system-err><![CDATA[]]></system-err>
</testsuite>
