<?xml version="1.0" encoding="UTF-8"?>
<testsuite name="cz.cvut.iarylser.controller.UserControllerTest" tests="12" skipped="0" failures="0" errors="0" timestamp="2024-02-07T16:41:48" hostname="MACHINE" time="0.113">
  <properties/>
  <testcase name="updateUserFailureNotFound()" classname="cz.cvut.iarylser.controller.UserControllerTest" time="0.016"/>
  <testcase name="deleteUserSucceeded()" classname="cz.cvut.iarylser.controller.UserControllerTest" time="0.006"/>
  <testcase name="updateUserSucceeded()" classname="cz.cvut.iarylser.controller.UserControllerTest" time="0.009"/>
  <testcase name="deleteUserFailure()" classname="cz.cvut.iarylser.controller.UserControllerTest" time="0.006"/>
  <testcase name="getUserByIdFailure()" classname="cz.cvut.iarylser.controller.UserControllerTest" time="0.005"/>
  <testcase name="getAllUsers()" classname="cz.cvut.iarylser.controller.UserControllerTest" time="0.007"/>
  <testcase name="createUserSuccesful()" classname="cz.cvut.iarylser.controller.UserControllerTest" time="0.008"/>
  <testcase name="createUserFail()" classname="cz.cvut.iarylser.controller.UserControllerTest" time="0.008"/>
  <testcase name="updateUserFailureNickname()" classname="cz.cvut.iarylser.controller.UserControllerTest" time="0.008"/>
  <testcase name="loginUserFailure()" classname="cz.cvut.iarylser.controller.UserControllerTest" time="0.009"/>
  <testcase name="getUserByIdSucceeded()" classname="cz.cvut.iarylser.controller.UserControllerTest" time="0.006"/>
  <testcase name="loginUserSucceeds()" classname="cz.cvut.iarylser.controller.UserControllerTest" time="0.008"/>
  <system-out><![CDATA[2024-02-07T17:41:48.660+01:00  INFO 28788 --- [    Test worker] t.c.s.AnnotationConfigContextLoaderUtils : Could not detect default configuration classes for test class [cz.cvut.iarylser.controller.UserControllerTest]: UserControllerTest does not declare any static, non-private, non-final, nested classes annotated with @Configuration.
2024-02-07T17:41:48.666+01:00  INFO 28788 --- [    Test worker] .b.t.c.SpringBootTestContextBootstrapper : Found @SpringBootConfiguration cz.cvut.iarylser.Application for test class cz.cvut.iarylser.controller.UserControllerTest

  .   ____          _            __ _ _
 /\\ / ___'_ __ _ _(_)_ __  __ _ \ \ \ \
( ( )\___ | '_ | '_| | '_ \/ _` | \ \ \ \
 \\/  ___)| |_)| | | | | || (_| |  ) ) ) )
  '  |____| .__|_| |_|_| |_\__, | / / / /
 =========|_|==============|___/=/_/_/_/
 :: Spring Boot ::                (v3.1.5)

2024-02-07T17:41:48.689+01:00  INFO 28788 --- [    Test worker] c.c.i.controller.UserControllerTest      : Starting UserControllerTest using Java 17.0.9 with PID 28788 (started by 1 in D:\Project\eventexplorer)
2024-02-07T17:41:48.689+01:00  INFO 28788 --- [    Test worker] c.c.i.controller.UserControllerTest      : No active profile set, falling back to 1 default profile: "default"
2024-02-07T17:41:48.926+01:00  INFO 28788 --- [    Test worker] o.s.b.t.m.w.SpringBootMockServletContext : Initializing Spring TestDispatcherServlet ''
2024-02-07T17:41:48.927+01:00  INFO 28788 --- [    Test worker] o.s.t.web.servlet.TestDispatcherServlet  : Initializing Servlet ''
2024-02-07T17:41:48.928+01:00  INFO 28788 --- [    Test worker] o.s.t.web.servlet.TestDispatcherServlet  : Completed initialization in 1 ms
2024-02-07T17:41:48.933+01:00  INFO 28788 --- [    Test worker] c.c.i.controller.UserControllerTest      : Started UserControllerTest in 0.263 seconds (process running for 5.22)
2024-02-07T17:41:48.947+01:00  INFO 28788 --- [    Test worker] c.c.iarylser.controller.UserController   : Unable to update. User with id 1 not found.
2024-02-07T17:41:48.975+01:00  INFO 28788 --- [    Test worker] c.c.iarylser.controller.UserController   : Unable to delete. User with id 1 not found.
2024-02-07T17:41:48.982+01:00  INFO 28788 --- [    Test worker] c.c.iarylser.controller.UserController   : User with id 1 not found.
2024-02-07T17:41:49.018+01:00  INFO 28788 --- [    Test worker] c.c.iarylser.controller.UserController   : Error updating user: null
]]></system-out>
  <system-err><![CDATA[]]></system-err>
</testsuite>
